Build started 19.12.2016 16:40:16.
     1>Project "C:\Users\Balhut\Desktop\system_jaglak v4.03\JaglakOS.vcxproj" on node 2 (Build target(s)).
     1>ClCompile:
         C:\Program Files (x86)\Microsoft Visual Studio 14.0\VC\bin\CL.exe /c /ZI /nologo /W3 /WX- /sdl /Od /Oy- /D _MBCS /Gm /EHsc /RTC1 /MDd /GS /fp:precise /Zc:wchar_t /Zc:forScope /Zc:inline /Fo"Debug\\" /Fd"Debug\vc140.pdb" /Gd /TP /analyze- /errorReport:prompt Procesy.cpp
         Procesy.cpp
     1>c:\users\balhut\desktop\system_jaglak v4.03\postoffice.h(2): warning C4067: unexpected tokens following preprocessor directive - expected a newline
     1>c:\users\balhut\desktop\system_jaglak v4.03\procesy.cpp(100): warning C4018: '<': signed/unsigned mismatch
     1>c:\users\balhut\desktop\system_jaglak v4.03\procesy.cpp(142): warning C4018: '<': signed/unsigned mismatch
     1>c:\users\balhut\desktop\system_jaglak v4.03\procesy.cpp(148): warning C4018: '<': signed/unsigned mismatch
     1>c:\users\balhut\desktop\system_jaglak v4.03\procesy.cpp(476): warning C4018: '<': signed/unsigned mismatch
     1>c:\users\balhut\desktop\system_jaglak v4.03\procesy.cpp(505): warning C4018: '<': signed/unsigned mismatch
     1>c:\users\balhut\desktop\system_jaglak v4.03\procesy.cpp(515): warning C4018: '<': signed/unsigned mismatch
       Link:
         C:\Program Files (x86)\Microsoft Visual Studio 14.0\VC\bin\link.exe /ERRORREPORT:PROMPT /OUT:"C:\Users\Balhut\Desktop\system_jaglak v4.03\Debug\JaglakOS.exe" /INCREMENTAL /NOLOGO kernel32.lib user32.lib gdi32.lib winspool.lib comdlg32.lib advapi32.lib shell32.lib ole32.lib oleaut32.lib uuid.lib odbc32.lib odbccp32.lib /MANIFEST /MANIFESTUAC:"level='asInvoker' uiAccess='false'" /manifest:embed /DEBUG:FASTLINK /PDB:"C:\Users\Balhut\Desktop\system_jaglak v4.03\Debug\JaglakOS.pdb" /TLBID:1 /DYNAMICBASE /NXCOMPAT /IMPLIB:"C:\Users\Balhut\Desktop\system_jaglak v4.03\Debug\JaglakOS.lib" /MACHINE:X86 Debug\main.obj
         Debug\Message.obj
         Debug\PamOperacyjna.obj
         Debug\PostBox.obj
         Debug\PostOffice.obj
         Debug\Procesy.obj
         JaglakOS.vcxproj -> C:\Users\Balhut\Desktop\system_jaglak v4.03\Debug\JaglakOS.exe
     1>Done Building Project "C:\Users\Balhut\Desktop\system_jaglak v4.03\JaglakOS.vcxproj" (Build target(s)).

Build succeeded.

Time Elapsed 00:00:01.84
